{"C:\\Users\\isaac\\OneDrive\\Área de Trabalho\\codex\\projs\\jest.start\\app\\palindrome\\isPalindrome.js": {"path":"C:\\Users\\isaac\\OneDrive\\Área de Trabalho\\codex\\projs\\jest.start\\app\\palindrome\\isPalindrome.js","statementMap":{"0":{"start":{"line":1,"column":22},"end":{"line":1,"column":64}},"1":{"start":{"line":4,"column":23},"end":{"line":4,"column":42}},"2":{"start":{"line":6,"column":2},"end":{"line":6,"column":59}},"3":{"start":{"line":9,"column":0},"end":{"line":9,"column":30}}},"fnMap":{"0":{"name":"isPalindrome","decl":{"start":{"line":3,"column":9},"end":{"line":3,"column":21}},"loc":{"start":{"line":3,"column":28},"end":{"line":7,"column":1}},"line":3}},"branchMap":{},"s":{"0":1,"1":3,"2":3,"3":1},"f":{"0":3},"b":{},"_coverageSchema":"1a1c01bbd47fc00a2c39e90264f33305004495a9","hash":"86b5cf886f60a20905e15d9306f99b3f250f5dbd"}
,"C:\\Users\\isaac\\OneDrive\\Área de Trabalho\\codex\\projs\\jest.start\\app\\reverserString\\reverseString.js": {"path":"C:\\Users\\isaac\\OneDrive\\Área de Trabalho\\codex\\projs\\jest.start\\app\\reverserString\\reverseString.js","statementMap":{"0":{"start":{"line":2,"column":25},"end":{"line":2,"column":77}},"1":{"start":{"line":4,"column":2},"end":{"line":4,"column":24}},"2":{"start":{"line":7,"column":0},"end":{"line":7,"column":31}}},"fnMap":{"0":{"name":"reverseString","decl":{"start":{"line":1,"column":9},"end":{"line":1,"column":22}},"loc":{"start":{"line":1,"column":28},"end":{"line":5,"column":1}},"line":1}},"branchMap":{},"s":{"0":4,"1":4,"2":2},"f":{"0":4},"b":{},"_coverageSchema":"1a1c01bbd47fc00a2c39e90264f33305004495a9","hash":"af3df3fddcfee31b7d172d6bd6374ed4720a7779"}
,"C:\\Users\\isaac\\OneDrive\\Área de Trabalho\\codex\\projs\\jest.start\\app\\shallowObjClone\\shallowObjClone.js": {"path":"C:\\Users\\isaac\\OneDrive\\Área de Trabalho\\codex\\projs\\jest.start\\app\\shallowObjClone\\shallowObjClone.js","statementMap":{"0":{"start":{"line":2,"column":2},"end":{"line":2,"column":20}},"1":{"start":{"line":5,"column":0},"end":{"line":5,"column":33}}},"fnMap":{"0":{"name":"shallowObjClone","decl":{"start":{"line":1,"column":9},"end":{"line":1,"column":24}},"loc":{"start":{"line":1,"column":30},"end":{"line":3,"column":1}},"line":1}},"branchMap":{},"s":{"0":1,"1":1},"f":{"0":1},"b":{},"_coverageSchema":"1a1c01bbd47fc00a2c39e90264f33305004495a9","hash":"0d20cd8138093a5dae5a7d1f9e589177b0e5246b"}
,"C:\\Users\\isaac\\OneDrive\\Área de Trabalho\\codex\\projs\\jest.start\\app\\sum\\sum.js": {"path":"C:\\Users\\isaac\\OneDrive\\Área de Trabalho\\codex\\projs\\jest.start\\app\\sum\\sum.js","statementMap":{"0":{"start":{"line":2,"column":2},"end":{"line":2,"column":15}},"1":{"start":{"line":5,"column":0},"end":{"line":5,"column":20}}},"fnMap":{"0":{"name":"sum","decl":{"start":{"line":1,"column":9},"end":{"line":1,"column":12}},"loc":{"start":{"line":1,"column":19},"end":{"line":3,"column":1}},"line":1}},"branchMap":{},"s":{"0":1,"1":1},"f":{"0":1},"b":{},"_coverageSchema":"1a1c01bbd47fc00a2c39e90264f33305004495a9","hash":"7f25568b64da1009e1d81f44c67d3fa1d5c42d8c"}
}
